Using pre-set license
Built from '2021.3/staging' branch; Version is '2021.3.6f1 (7da38d85baf6) revision 8233869'; Using compiler version '192829333'; Build Type 'Release'
OS: 'Windows 10  (10.0.19044) 64bit Professional' Language: 'es' Physical Memory: 8129 MB
BatchMode: 1, IsHumanControllingUs: 0, StartBugReporterOnCrash: 0, Is64bit: 1, IsPro: 1

COMMAND LINE ARGUMENTS:
C:\Program Files\Unity\Hub\Editor\2021.3.6f1\Editor\Unity.exe
-adb2
-batchMode
-noUpm
-name
AssetImportWorker1
-projectPath
C:/Users/Alumne/Documents/GitHub/SuperMario2D
-logFile
Logs/AssetImportWorker1.log
-srvPort
50162
Successfully changed project path to: C:/Users/Alumne/Documents/GitHub/SuperMario2D
C:/Users/Alumne/Documents/GitHub/SuperMario2D
[UnityMemory] Configuration Parameters - Can be set up in boot.config
    "memorysetup-bucket-allocator-granularity=16"
    "memorysetup-bucket-allocator-bucket-count=8"
    "memorysetup-bucket-allocator-block-size=33554432"
    "memorysetup-bucket-allocator-block-count=8"
    "memorysetup-main-allocator-block-size=16777216"
    "memorysetup-thread-allocator-block-size=16777216"
    "memorysetup-gfx-main-allocator-block-size=16777216"
    "memorysetup-gfx-thread-allocator-block-size=16777216"
    "memorysetup-cache-allocator-block-size=4194304"
    "memorysetup-typetree-allocator-block-size=2097152"
    "memorysetup-profiler-bucket-allocator-granularity=16"
    "memorysetup-profiler-bucket-allocator-bucket-count=8"
    "memorysetup-profiler-bucket-allocator-block-size=33554432"
    "memorysetup-profiler-bucket-allocator-block-count=8"
    "memorysetup-profiler-allocator-block-size=16777216"
    "memorysetup-profiler-editor-allocator-block-size=1048576"
    "memorysetup-temp-allocator-size-main=16777216"
    "memorysetup-job-temp-allocator-block-size=2097152"
    "memorysetup-job-temp-allocator-block-size-background=1048576"
    "memorysetup-job-temp-allocator-reduction-small-platforms=262144"
    "memorysetup-temp-allocator-size-background-worker=32768"
    "memorysetup-temp-allocator-size-job-worker=262144"
    "memorysetup-temp-allocator-size-preload-manager=33554432"
    "memorysetup-temp-allocator-size-nav-mesh-worker=65536"
    "memorysetup-temp-allocator-size-audio-worker=65536"
    "memorysetup-temp-allocator-size-cloud-worker=32768"
    "memorysetup-temp-allocator-size-gi-baking-worker=262144"
    "memorysetup-temp-allocator-size-gfx=262144"
Refreshing native plugins compatible for Editor in 126.27 ms, found 4 plugins.
Preloading 0 native plugins for Editor in 0.00 ms.
Initialize engine version: 2021.3.6f1 (7da38d85baf6)
[Subsystems] Discovering subsystems at path C:/Program Files/Unity/Hub/Editor/2021.3.6f1/Editor/Data/Resources/UnitySubsystems
[Subsystems] Discovering subsystems at path C:/Users/Alumne/Documents/GitHub/SuperMario2D/Assets
GfxDevice: creating device client; threaded=0; jobified=0
Direct3D:
    Version:  Direct3D 11.0 [level 11.1]
    Renderer: NVIDIA GeForce GTX 1650 (ID=0x1f82)
    Vendor:   NVIDIA
    VRAM:     3962 MB
    Driver:   31.0.15.1640
Initialize mono
Mono path[0] = 'C:/Program Files/Unity/Hub/Editor/2021.3.6f1/Editor/Data/Managed'
Mono path[1] = 'C:/Program Files/Unity/Hub/Editor/2021.3.6f1/Editor/Data/MonoBleedingEdge/lib/mono/unityjit-win32'
Mono config path = 'C:/Program Files/Unity/Hub/Editor/2021.3.6f1/Editor/Data/MonoBleedingEdge/etc'
Using monoOptions --debugger-agent=transport=dt_socket,embedding=1,server=y,suspend=n,address=127.0.0.1:56948
Begin MonoManager ReloadAssembly
Registering precompiled unity dll's ...
Register platform support module: C:/Program Files/Unity/Hub/Editor/2021.3.6f1/Editor/Data/PlaybackEngines/WindowsStandaloneSupport/UnityEditor.WindowsStandalone.Extensions.dll
Registered in 0.008417 seconds.
Native extension for WindowsStandalone target not found
Refreshing native plugins compatible for Editor in 127.95 ms, found 4 plugins.
Preloading 0 native plugins for Editor in 0.00 ms.
Mono: successfully reloaded assembly
- Completed reload, in  0.864 seconds
Domain Reload Profiling:
	ReloadAssembly (864ms)
		BeginReloadAssembly (102ms)
			ExecutionOrderSort (0ms)
			DisableScriptedObjects (0ms)
			BackupInstance (0ms)
			ReleaseScriptingObjects (0ms)
			CreateAndSetChildDomain (1ms)
		EndReloadAssembly (623ms)
			LoadAssemblies (99ms)
			RebuildTransferFunctionScriptingTraits (0ms)
			SetupTypeCache (146ms)
			ReleaseScriptCaches (0ms)
			RebuildScriptCaches (35ms)
			SetupLoadedEditorAssemblies (379ms)
				LogAssemblyErrors (0ms)
				InitializePlatformSupportModulesInManaged (9ms)
				SetLoadedEditorAssemblies (0ms)
				RefreshPlugins (128ms)
				BeforeProcessingInitializeOnLoad (2ms)
				ProcessInitializeOnLoadAttributes (182ms)
				ProcessInitializeOnLoadMethodAttributes (58ms)
				AfterProcessingInitializeOnLoad (0ms)
				EditorAssembliesLoaded (0ms)
			ExecutionOrderSort2 (0ms)
			AwakeInstancesAfterBackupRestoration (0ms)
Platform modules already initialized, skipping
Registering precompiled user dll's ...
Registered in 0.010729 seconds.
Begin MonoManager ReloadAssembly
Symbol file LoadedFromMemory doesn't match image C:\Users\Alumne\Documents\GitHub\SuperMario2D\Library\PackageCache\com.unity.visualscripting@1.7.8\Editor\VisualScripting.Core\Dependencies\YamlDotNet\Unity.VisualScripting.YamlDotNet.dll
Symbol file LoadedFromMemory doesn't match image C:\Users\Alumne\Documents\GitHub\SuperMario2D\Library\PackageCache\com.unity.visualscripting@1.7.8\Editor\VisualScripting.Core\Dependencies\DotNetZip\Unity.VisualScripting.IonicZip.dll
Native extension for WindowsStandalone target not found
Refreshing native plugins compatible for Editor in 113.26 ms, found 4 plugins.
Preloading 0 native plugins for Editor in 0.00 ms.
Mono: successfully reloaded assembly
- Completed reload, in  8.087 seconds
Domain Reload Profiling:
	ReloadAssembly (8088ms)
		BeginReloadAssembly (133ms)
			ExecutionOrderSort (0ms)
			DisableScriptedObjects (6ms)
			BackupInstance (0ms)
			ReleaseScriptingObjects (0ms)
			CreateAndSetChildDomain (21ms)
		EndReloadAssembly (7733ms)
			LoadAssemblies (4738ms)
			RebuildTransferFunctionScriptingTraits (0ms)
			SetupTypeCache (924ms)
			ReleaseScriptCaches (1ms)
			RebuildScriptCaches (74ms)
			SetupLoadedEditorAssemblies (1929ms)
				LogAssemblyErrors (0ms)
				InitializePlatformSupportModulesInManaged (5ms)
				SetLoadedEditorAssemblies (0ms)
				RefreshPlugins (113ms)
				BeforeProcessingInitializeOnLoad (145ms)
				ProcessInitializeOnLoadAttributes (387ms)
				ProcessInitializeOnLoadMethodAttributes (1267ms)
				AfterProcessingInitializeOnLoad (10ms)
				EditorAssembliesLoaded (0ms)
			ExecutionOrderSort2 (0ms)
			AwakeInstancesAfterBackupRestoration (10ms)
Platform modules already initialized, skipping
========================================================================
Worker process is ready to serve import requests
Launched and connected shader compiler UnityShaderCompiler.exe after 0.09 seconds
Refreshing native plugins compatible for Editor in 0.88 ms, found 4 plugins.
Preloading 0 native plugins for Editor in 0.00 ms.
Unloading 4057 Unused Serialized files (Serialized files now loaded: 0)
Unloading 38 unused Assets / (55.6 KB). Loaded Objects now: 4513.
Memory consumption went from 150.9 MB to 150.8 MB.
Total: 4.298000 ms (FindLiveObjects: 0.403100 ms CreateObjectMapping: 0.313300 ms MarkObjects: 3.470200 ms  DeleteObjects: 0.109900 ms)

AssetImportParameters requested are different than current active one (requested -> active):
  custom:video-decoder-ogg-theora: a1e56fd34408186e4bbccfd4996cb3dc -> 
  custom:container-muxer-webm: aa71ff27fc2769a1b78a27578f13a17b -> 
  custom:container-demuxer-webm: 4f35f7cbe854078d1ac9338744f61a02 -> 
  custom:video-encoder-webm-vp8: eb34c28f22e8b96e1ab97ce403110664 -> 
  custom:audio-encoder-webm-vorbis: bf7c407c2cedff20999df2af8eb42d56 -> 
  custom:framework-win-MediaFoundation: 216162199b28c13a410421893ffa2e32 -> 
  custom:container-demuxer-ogg: 62fdf1f143b41e24485cea50d1cbac27 -> 
  custom:video-decoder-webm-vp8: 9c59270c3fd7afecdb556c50c9e8de78 -> 
  custom:audio-decoder-ogg-vorbis: bf7c407c2cedff20999df2af8eb42d56 -> 
========================================================================
Received Import Request.
  Time since last request: 812.788252 seconds.
  path: Assets/Scenes
  artifactKey: Guid(131a6b21c8605f84396be9f6751fb6e3) Importer(815301076,1909f56bfc062723c751e8b465ee728b)
Start importing Assets/Scenes using Guid(131a6b21c8605f84396be9f6751fb6e3) Importer(815301076,1909f56bfc062723c751e8b465ee728b)  -> (artifact id: '4935f35005d3ccd51bf39964504ff1b7') in 0.013393 seconds 
========================================================================
Received Import Request.
  Time since last request: 0.000027 seconds.
  path: Assets/Scenes/Level1.unity
  artifactKey: Guid(2cda990e2423bbf4892e6590ba056729) Importer(815301076,1909f56bfc062723c751e8b465ee728b)
Start importing Assets/Scenes/Level1.unity using Guid(2cda990e2423bbf4892e6590ba056729) Importer(815301076,1909f56bfc062723c751e8b465ee728b)  -> (artifact id: 'd542856299c00a47fcea95f941aaaff9') in 0.010116 seconds 
========================================================================
Received Import Request.
  Time since last request: 92.779191 seconds.
  path: Assets/Sprites
  artifactKey: Guid(6d34f1aa2c04306499e381b223aa9891) Importer(815301076,1909f56bfc062723c751e8b465ee728b)
Start importing Assets/Sprites using Guid(6d34f1aa2c04306499e381b223aa9891) Importer(815301076,1909f56bfc062723c751e8b465ee728b)  -> (artifact id: 'fbac22f2686265c73278b23cdd8bc806') in 0.010283 seconds 
========================================================================
Received Import Request.
  Time since last request: 0.021024 seconds.
  path: Assets/Sprites/Banderas.png
  artifactKey: Guid(8824b9335485cc54b899433151ac6041) Importer(815301076,1909f56bfc062723c751e8b465ee728b)
Start importing Assets/Sprites/Banderas.png using Guid(8824b9335485cc54b899433151ac6041) Importer(815301076,1909f56bfc062723c751e8b465ee728b)  -> (artifact id: 'bf9033810d46006fc624e0b354bd2e95') in 0.180009 seconds 
========================================================================
Received Import Request.
  Time since last request: 0.000027 seconds.
  path: Assets/Sprites/Tuberias.png
  artifactKey: Guid(966b72313257edd4e95e5e8b57e2bdd2) Importer(815301076,1909f56bfc062723c751e8b465ee728b)
Start importing Assets/Sprites/Tuberias.png using Guid(966b72313257edd4e95e5e8b57e2bdd2) Importer(815301076,1909f56bfc062723c751e8b465ee728b)  -> (artifact id: 'fdc59651c7dd22a4e5f1c83277e2eebb') in 0.046757 seconds 
========================================================================
Received Import Request.
  Time since last request: 0.000030 seconds.
  path: Assets/Sprites/Coins2.png
  artifactKey: Guid(e7b1d33151016724e810a17ee5f4c61b) Importer(815301076,1909f56bfc062723c751e8b465ee728b)
Start importing Assets/Sprites/Coins2.png using Guid(e7b1d33151016724e810a17ee5f4c61b) Importer(815301076,1909f56bfc062723c751e8b465ee728b)  -> (artifact id: 'f1d501d34506bd064d597e23a95e209b') in 0.029690 seconds 
========================================================================
Received Import Request.
  Time since last request: 0.000063 seconds.
  path: Assets/Sprites/Cajas.png
  artifactKey: Guid(10fdd7adc4be5ac42a52486bf81cbb6f) Importer(815301076,1909f56bfc062723c751e8b465ee728b)
Start importing Assets/Sprites/Cajas.png using Guid(10fdd7adc4be5ac42a52486bf81cbb6f) Importer(815301076,1909f56bfc062723c751e8b465ee728b)  -> (artifact id: '13ea7bf639fbb9d249b64b6d90870a49') in 0.021006 seconds 
========================================================================
Received Import Request.
  Time since last request: 0.000033 seconds.
  path: Assets/Sprites/Nuves.png
  artifactKey: Guid(c97396f606edfca418be60e012f1d490) Importer(815301076,1909f56bfc062723c751e8b465ee728b)
Start importing Assets/Sprites/Nuves.png using Guid(c97396f606edfca418be60e012f1d490) Importer(815301076,1909f56bfc062723c751e8b465ee728b)  -> (artifact id: 'dfa661b884431794be4025ac2a3880a5') in 0.025620 seconds 
========================================================================
Received Import Request.
  Time since last request: 0.000022 seconds.
  path: Assets/Sprites/Mario.png
  artifactKey: Guid(61a2b26921eaad2489895695f0620430) Importer(815301076,1909f56bfc062723c751e8b465ee728b)
Start importing Assets/Sprites/Mario.png using Guid(61a2b26921eaad2489895695f0620430) Importer(815301076,1909f56bfc062723c751e8b465ee728b)  -> (artifact id: '9de9a6cf4a7f457834a11acd4256c2dd') in 0.029757 seconds 
========================================================================
Received Import Request.
  Time since last request: 0.000021 seconds.
  path: Assets/Sprites/Super_Mario_Bros._Logo.png
  artifactKey: Guid(f652eac7e77cd2b479d8074dc6ce0fd0) Importer(815301076,1909f56bfc062723c751e8b465ee728b)
Start importing Assets/Sprites/Super_Mario_Bros._Logo.png using Guid(f652eac7e77cd2b479d8074dc6ce0fd0) Importer(815301076,1909f56bfc062723c751e8b465ee728b)  -> (artifact id: 'cfe97e3c34420854c93aafbe5cda351f') in 0.061520 seconds 
========================================================================
Received Import Request.
  Time since last request: 0.000026 seconds.
  path: Assets/Sprites/World_1-1_SMB.png
  artifactKey: Guid(3577639c68b4a9346ac926e0f3c1c74f) Importer(815301076,1909f56bfc062723c751e8b465ee728b)
Start importing Assets/Sprites/World_1-1_SMB.png using Guid(3577639c68b4a9346ac926e0f3c1c74f) Importer(815301076,1909f56bfc062723c751e8b465ee728b)  -> (artifact id: 'f9c4cd273c2ad7eef71a595cd4baef77') in 0.040678 seconds 
========================================================================
Received Import Request.
  Time since last request: 0.000036 seconds.
  path: Assets/Sprites/Montanas.png
  artifactKey: Guid(56ad199d59ac98f4fb1b85af6643c805) Importer(815301076,1909f56bfc062723c751e8b465ee728b)
Start importing Assets/Sprites/Montanas.png using Guid(56ad199d59ac98f4fb1b85af6643c805) Importer(815301076,1909f56bfc062723c751e8b465ee728b)  -> (artifact id: '7e63369a27af488434f97ed9999f6057') in 0.026695 seconds 
========================================================================
Received Import Request.
  Time since last request: 0.000082 seconds.
  path: Assets/Sprites/Castillo.png
  artifactKey: Guid(48286eb7740f2bd4480e73533314d7a6) Importer(815301076,1909f56bfc062723c751e8b465ee728b)
Start importing Assets/Sprites/Castillo.png using Guid(48286eb7740f2bd4480e73533314d7a6) Importer(815301076,1909f56bfc062723c751e8b465ee728b)  -> (artifact id: 'd0140ba53c7a8e7cd84feea95a523451') in 0.026214 seconds 
========================================================================
Received Import Request.
  Time since last request: 0.000036 seconds.
  path: Assets/Sprites/Ladrillos.png
  artifactKey: Guid(144c49aebb77b734294aab932e72dd22) Importer(815301076,1909f56bfc062723c751e8b465ee728b)
Start importing Assets/Sprites/Ladrillos.png using Guid(144c49aebb77b734294aab932e72dd22) Importer(815301076,1909f56bfc062723c751e8b465ee728b)  -> (artifact id: 'efc06f2fa4787a985296e7f35de7b4c8') in 0.080564 seconds 
========================================================================
Received Import Request.
  Time since last request: 0.000021 seconds.
  path: Assets/Sprites/Coins1.png
  artifactKey: Guid(2216865260b217648af25d4afcf6d2ea) Importer(815301076,1909f56bfc062723c751e8b465ee728b)
Start importing Assets/Sprites/Coins1.png using Guid(2216865260b217648af25d4afcf6d2ea) Importer(815301076,1909f56bfc062723c751e8b465ee728b)  -> (artifact id: 'f4299b00887c6118c8377b8293325650') in 0.027084 seconds 
========================================================================
Received Import Request.
  Time since last request: 0.000031 seconds.
  path: Assets/Sprites/Hierbas.png
  artifactKey: Guid(7ca0db7c80f2d9749a12536109708005) Importer(815301076,1909f56bfc062723c751e8b465ee728b)
Start importing Assets/Sprites/Hierbas.png using Guid(7ca0db7c80f2d9749a12536109708005) Importer(815301076,1909f56bfc062723c751e8b465ee728b)  -> (artifact id: 'd515c8d0963417c55716ece38d7f0e9b') in 0.023389 seconds 
========================================================================
Received Import Request.
  Time since last request: 0.000023 seconds.
  path: Assets/Sprites/Goombas.png
  artifactKey: Guid(6c72754d9622141408a92a8aa6ce2a3e) Importer(815301076,1909f56bfc062723c751e8b465ee728b)
Start importing Assets/Sprites/Goombas.png using Guid(6c72754d9622141408a92a8aa6ce2a3e) Importer(815301076,1909f56bfc062723c751e8b465ee728b)  -> (artifact id: 'edc436a010be42bf37b24821f4e10266') in 0.024035 seconds 
========================================================================
Received Import Request.
  Time since last request: 30.831116 seconds.
  path: Assets/Sprites/Montanas.png
  artifactKey: Guid(56ad199d59ac98f4fb1b85af6643c805) Importer(815301076,1909f56bfc062723c751e8b465ee728b)
Start importing Assets/Sprites/Montanas.png using Guid(56ad199d59ac98f4fb1b85af6643c805) Importer(815301076,1909f56bfc062723c751e8b465ee728b)  -> (artifact id: '8c51ddfd7dc824588a7bb4859c7695ed') in 0.015002 seconds 
========================================================================
Received Import Request.
  Time since last request: 17.834280 seconds.
  path: Assets/Sprites/Montanas.png
  artifactKey: Guid(56ad199d59ac98f4fb1b85af6643c805) Importer(815301076,1909f56bfc062723c751e8b465ee728b)
Start importing Assets/Sprites/Montanas.png using Guid(56ad199d59ac98f4fb1b85af6643c805) Importer(815301076,1909f56bfc062723c751e8b465ee728b)  -> (artifact id: '5fa192a242126bbd40c36aa0ac2c450e') in 0.020412 seconds 
========================================================================
Received Import Request.
  Time since last request: 36.255223 seconds.
  path: Assets/Sprites/Montanas.png
  artifactKey: Guid(56ad199d59ac98f4fb1b85af6643c805) Importer(815301076,1909f56bfc062723c751e8b465ee728b)
Start importing Assets/Sprites/Montanas.png using Guid(56ad199d59ac98f4fb1b85af6643c805) Importer(815301076,1909f56bfc062723c751e8b465ee728b)  -> (artifact id: '813183696b14afbf5a2a0afb832c4e48') in 0.026292 seconds 
========================================================================
Received Import Request.
  Time since last request: 375.871824 seconds.
  path: Assets/Scenes/Level1.unity
  artifactKey: Guid(2cda990e2423bbf4892e6590ba056729) Importer(815301076,1909f56bfc062723c751e8b465ee728b)
Start importing Assets/Scenes/Level1.unity using Guid(2cda990e2423bbf4892e6590ba056729) Importer(815301076,1909f56bfc062723c751e8b465ee728b)  -> (artifact id: '7cccdefcd1f37414645be57b996eb122') in 0.003132 seconds 
========================================================================
Received Import Request.
  Time since last request: 351.490433 seconds.
  path: Assets/Sprites/Hierbas.png
  artifactKey: Guid(7ca0db7c80f2d9749a12536109708005) Importer(815301076,1909f56bfc062723c751e8b465ee728b)
Start importing Assets/Sprites/Hierbas.png using Guid(7ca0db7c80f2d9749a12536109708005) Importer(815301076,1909f56bfc062723c751e8b465ee728b)  -> (artifact id: '51e7308310648f54817710f3c08a965e') in 0.016898 seconds 
========================================================================
Received Import Request.
  Time since last request: 40.224751 seconds.
  path: Assets/Sprites/Hierbas.png
  artifactKey: Guid(7ca0db7c80f2d9749a12536109708005) Importer(815301076,1909f56bfc062723c751e8b465ee728b)
Start importing Assets/Sprites/Hierbas.png using Guid(7ca0db7c80f2d9749a12536109708005) Importer(815301076,1909f56bfc062723c751e8b465ee728b)  -> (artifact id: '0c3a09c57b8a4ecb47a45c3e8fae6d5a') in 0.021223 seconds 
========================================================================
Received Import Request.
  Time since last request: 20.464509 seconds.
  path: Assets/Sprites/Hierbas.png
  artifactKey: Guid(7ca0db7c80f2d9749a12536109708005) Importer(815301076,1909f56bfc062723c751e8b465ee728b)
Start importing Assets/Sprites/Hierbas.png using Guid(7ca0db7c80f2d9749a12536109708005) Importer(815301076,1909f56bfc062723c751e8b465ee728b)  -> (artifact id: '3aca4daf3565de885b18ef62738034d8') in 0.030850 seconds 
========================================================================
Received Import Request.
  Time since last request: 16.704424 seconds.
  path: Assets/Sprites/Hierbas.png
  artifactKey: Guid(7ca0db7c80f2d9749a12536109708005) Importer(815301076,1909f56bfc062723c751e8b465ee728b)
Start importing Assets/Sprites/Hierbas.png using Guid(7ca0db7c80f2d9749a12536109708005) Importer(815301076,1909f56bfc062723c751e8b465ee728b)  -> (artifact id: 'c07e018bbf83ba17b7cf06a1b40a5478') in 0.029146 seconds 
========================================================================
Received Import Request.
  Time since last request: 245.247091 seconds.
  path: Assets/Sprites/Nuves.png
  artifactKey: Guid(c97396f606edfca418be60e012f1d490) Importer(815301076,1909f56bfc062723c751e8b465ee728b)
Start importing Assets/Sprites/Nuves.png using Guid(c97396f606edfca418be60e012f1d490) Importer(815301076,1909f56bfc062723c751e8b465ee728b)  -> (artifact id: '82b04b1f6a7b52647f4f4f386185583e') in 0.016871 seconds 
========================================================================
Received Import Request.
  Time since last request: 21.021498 seconds.
  path: Assets/Sprites/Nuves.png
  artifactKey: Guid(c97396f606edfca418be60e012f1d490) Importer(815301076,1909f56bfc062723c751e8b465ee728b)
Start importing Assets/Sprites/Nuves.png using Guid(c97396f606edfca418be60e012f1d490) Importer(815301076,1909f56bfc062723c751e8b465ee728b)  -> (artifact id: 'b82f88b273c4fc722580c000dd2ddbca') in 0.021054 seconds 
========================================================================
Received Import Request.
  Time since last request: 12.996269 seconds.
  path: Assets/Sprites/Nuves.png
  artifactKey: Guid(c97396f606edfca418be60e012f1d490) Importer(815301076,1909f56bfc062723c751e8b465ee728b)
Start importing Assets/Sprites/Nuves.png using Guid(c97396f606edfca418be60e012f1d490) Importer(815301076,1909f56bfc062723c751e8b465ee728b)  -> (artifact id: 'c24ddc77b222012348720171428c4436') in 0.024098 seconds 
========================================================================
Received Import Request.
  Time since last request: 6.777352 seconds.
  path: Assets/Sprites/Nuves.png
  artifactKey: Guid(c97396f606edfca418be60e012f1d490) Importer(815301076,1909f56bfc062723c751e8b465ee728b)
Start importing Assets/Sprites/Nuves.png using Guid(c97396f606edfca418be60e012f1d490) Importer(815301076,1909f56bfc062723c751e8b465ee728b)  -> (artifact id: 'b8ed9ff2276b800201a1a98147ff24aa') in 0.028388 seconds 
========================================================================
Received Import Request.
  Time since last request: 166.281860 seconds.
  path: Assets/Sprites/Banderas.png
  artifactKey: Guid(8824b9335485cc54b899433151ac6041) Importer(815301076,1909f56bfc062723c751e8b465ee728b)
Start importing Assets/Sprites/Banderas.png using Guid(8824b9335485cc54b899433151ac6041) Importer(815301076,1909f56bfc062723c751e8b465ee728b)  -> (artifact id: 'cbb52784bc464cba4537ed1645b4bec0') in 0.015500 seconds 
========================================================================
Received Import Request.
  Time since last request: 37.685219 seconds.
  path: Assets/Sprites/Banderas.png
  artifactKey: Guid(8824b9335485cc54b899433151ac6041) Importer(815301076,1909f56bfc062723c751e8b465ee728b)
Start importing Assets/Sprites/Banderas.png using Guid(8824b9335485cc54b899433151ac6041) Importer(815301076,1909f56bfc062723c751e8b465ee728b)  -> (artifact id: 'e8bde0bded0511e265542aebd73a1613') in 0.030456 seconds 
